  siirto.cpp
  screenResetThreading.cpp
  ruutu.cpp
  peli.cpp
  nappula.cpp
  myNames.cpp
  main.cpp
c:\users\katulobotomy\documents\visual studio 2015\projects\shakkipeli\shakkipeli\pelipuu.h(38): warning C4018: '<': signed/unsigned mismatch
c:\users\katulobotomy\documents\visual studio 2015\projects\shakkipeli\shakkipeli\pelipuu.h(44): warning C4244: '=': conversion from 'double' to 'int', possible loss of data
c:\users\katulobotomy\documents\visual studio 2015\projects\shakkipeli\shakkipeli\pelipuu.h(85): warning C4018: '<': signed/unsigned mismatch
c:\users\katulobotomy\documents\visual studio 2015\projects\shakkipeli\shakkipeli\pelipuu.h(91): warning C4244: '=': conversion from 'double' to 'int', possible loss of data
c:\users\katulobotomy\documents\visual studio 2015\projects\shakkipeli\shakkipeli\pelipuu.h(112): warning C4018: '<': signed/unsigned mismatch
c:\users\katulobotomy\documents\visual studio 2015\projects\shakkipeli\shakkipeli\main.cpp(19): warning C4018: '<': signed/unsigned mismatch
c:\users\katulobotomy\documents\visual studio 2015\projects\shakkipeli\shakkipeli\main.cpp(155): warning C4018: '<': signed/unsigned mismatch
  laillisetSiirrot.cpp
c:\users\katulobotomy\documents\visual studio 2015\projects\shakkipeli\shakkipeli\laillisetsiirrot.cpp(225): warning C4018: '<': signed/unsigned mismatch
c:\users\katulobotomy\documents\visual studio 2015\projects\shakkipeli\shakkipeli\laillisetsiirrot.cpp(253): warning C4018: '<': signed/unsigned mismatch
  kayttoliittyma.cpp
  evaluonti.cpp
c:\users\katulobotomy\documents\visual studio 2015\projects\shakkipeli\shakkipeli\evaluonti.cpp(97): warning C4018: '<': signed/unsigned mismatch
c:\users\katulobotomy\documents\visual studio 2015\projects\shakkipeli\shakkipeli\evaluonti.cpp(115): warning C4018: '<': signed/unsigned mismatch
c:\users\katulobotomy\documents\visual studio 2015\projects\shakkipeli\shakkipeli\evaluonti.cpp(134): warning C4018: '<': signed/unsigned mismatch
c:\users\katulobotomy\documents\visual studio 2015\projects\shakkipeli\shakkipeli\evaluonti.cpp(152): warning C4018: '<': signed/unsigned mismatch
c:\users\katulobotomy\documents\visual studio 2015\projects\shakkipeli\shakkipeli\evaluonti.cpp(171): warning C4018: '<': signed/unsigned mismatch
c:\users\katulobotomy\documents\visual studio 2015\projects\shakkipeli\shakkipeli\evaluonti.cpp(189): warning C4018: '<': signed/unsigned mismatch
  asema.cpp
  Generating Code...
  Shakkipeli.vcxproj -> C:\Users\Katulobotomy\Documents\Visual Studio 2015\Projects\Shakkipeli\Debug\Shakkipeli.exe
